<?xml version="1.0" encoding="UTF-8"?>
<testsuite xmlns:xsi="http://www.w3.org/2001/XMLSchema-instance"
           xsi:noNamespaceSchemaLocation="https://maven.apache.org/surefire/maven-surefire-plugin/xsd/surefire-test-report.xsd"
           version="3.0.2" name="Suite1Tests" time="0.055" tests="6" errors="1" skipped="1" failures="1">
  <testcase name="case11" classname="Suite1Tests" time="0.015"/>
  <testcase name="case12" classname="Suite1Tests" time="0.001"/>
  <testcase name="case13" classname="Suite1Tests" time="0.001"/>
  <testcase name="case14" classname="Suite1Tests" time="0.005">
    <failure message="..." type="org.opentest4j.AssertionFailedError"/>
  </testcase>
  <testcase name="case15" classname="Suite1Tests" time="0.002">
    <error message="..." type="java.lang.RuntimeException"/>
  </testcase>
  <testcase name="case16" classname="Suite1Tests" time="0.0">
    <skipped message="skipped"/>
  </testcase>
</testsuite>
