<?xml version="1.0" encoding="utf-8"?>
<testsuites>
  <testsuite name="Node JUnit test suite 1" time="0.014160" disabled="0" errors="0" tests="7" failures="3" skipped="2" hostname="...">
    <testcase name="Case 1.1" time="0.001282" classname="test"/>
    <testcase name="Case 1.2" time="0.000106" classname="test"/>
    <testsuite name="Nested suite 1.3" time="0.009667" disabled="0" errors="0" tests="6" failures="2" skipped="1" hostname="...">
      <testcase name="Case 1.3.1" time="0.000183" classname="test"/>
      <testcase name="Case 1.3.2" time="0.000144" classname="test"/>
      <testcase name="Case 1.3.3" time="0.000083" classname="test"/>
      <testcase name="Case 1.3.4" time="0.007699" classname="test" failure="...">
        <failure type="testCodeFailure" message="..."/>
      </testcase>
      <testcase name="Case 1.3.5" time="0.000945" classname="test" failure="...">
        <failure type="testCodeFailure" message="..."/>
      </testcase>
      <testcase name="Case 1.3.6" time="0.000142" classname="test">
        <skipped type="skipped" message="true"/>
      </testcase>
    </testsuite>
    <testcase name="Case 1.4" time="0.000215" classname="test"/>
    <testcase name="Case 1.5" time="0.001062" classname="test" failure="...">
      <failure type="testCodeFailure" message="..."/>
    </testcase>
    <testcase name="Case 1.6" time="0.000682" classname="test" failure="...">
      <failure type="testCodeFailure" message="..."/>
    </testcase>
    <testcase name="Case 1.7" time="0.000085" classname="test">
      <skipped type="skipped" message="true"/>
    </testcase>
  </testsuite>
  <testsuite name="Node JUnit test suite 2" time="0.001151" disabled="0" errors="0" tests="3" failures="1" skipped="1" hostname="...">
    <testcase name="Case 2.1" time="0.000121" classname="test"/>
    <testcase name="Case 2.2" time="0.000833" classname="test" failure="...">
      <failure type="testCodeFailure" message="..."/>
    </testcase>
    <testcase name="Case 2.3" time="0.000059" classname="test">
      <skipped type="todo" message="true"/>
    </testcase>
  </testsuite>
  <!-- tests 15 -->
  <!-- suites 3 -->
  <!-- pass 7 -->
  <!-- fail 5 -->
  <!-- cancelled 0 -->
  <!-- skipped 2 -->
  <!-- todo 1 -->
  <!-- duration_ms 91.6962 -->
</testsuites>
